D:\Projects\CoffeeHouse\ClientApp\dist\out-tsc\e2e\src\app.po.js
D:\Projects\CoffeeHouse\ClientApp\dist\out-tsc\e2e\src\app.po.js.map
D:\Projects\CoffeeHouse\ClientApp\dist\out-tsc\e2e\src\app.e2e-spec.js
D:\Projects\CoffeeHouse\ClientApp\dist\out-tsc\e2e\src\app.e2e-spec.js.map
D:\Projects\CoffeeHouse\ClientApp\dist\out-tsc\src\app\components\home\home.component.js
D:\Projects\CoffeeHouse\ClientApp\dist\out-tsc\src\app\components\home\home.component.js.map
D:\Projects\CoffeeHouse\ClientApp\dist\out-tsc\src\app\components\page-not-found.component.js
D:\Projects\CoffeeHouse\ClientApp\dist\out-tsc\src\app\components\page-not-found.component.js.map
D:\Projects\CoffeeHouse\ClientApp\dist\out-tsc\src\app\models\product.model.js
D:\Projects\CoffeeHouse\ClientApp\dist\out-tsc\src\app\models\product.model.js.map
D:\Projects\CoffeeHouse\ClientApp\dist\out-tsc\src\app\services\product.service.js
D:\Projects\CoffeeHouse\ClientApp\dist\out-tsc\src\app\services\product.service.js.map
D:\Projects\CoffeeHouse\ClientApp\dist\out-tsc\src\app\components\product\product-create\product-create.component.js
D:\Projects\CoffeeHouse\ClientApp\dist\out-tsc\src\app\components\product\product-create\product-create.component.js.map
D:\Projects\CoffeeHouse\ClientApp\dist\out-tsc\src\app\components\product\product-list\product-list\product-list.component.js
D:\Projects\CoffeeHouse\ClientApp\dist\out-tsc\src\app\components\product\product-list\product-list\product-list.component.js.map
D:\Projects\CoffeeHouse\ClientApp\dist\out-tsc\src\app\shared\material.module.js
D:\Projects\CoffeeHouse\ClientApp\dist\out-tsc\src\app\shared\material.module.js.map
D:\Projects\CoffeeHouse\ClientApp\dist\out-tsc\src\app\components\product\product-edit\product-edit\product-edit.component.js
D:\Projects\CoffeeHouse\ClientApp\dist\out-tsc\src\app\components\product\product-edit\product-edit\product-edit.component.js.map
D:\Projects\CoffeeHouse\ClientApp\dist\out-tsc\src\app\services\product-resolver.service.js
D:\Projects\CoffeeHouse\ClientApp\dist\out-tsc\src\app\services\product-resolver.service.js.map
D:\Projects\CoffeeHouse\ClientApp\dist\out-tsc\src\app\components\product\product.module.js
D:\Projects\CoffeeHouse\ClientApp\dist\out-tsc\src\app\components\product\product.module.js.map
D:\Projects\CoffeeHouse\ClientApp\dist\out-tsc\src\app\shared\routing.module.js
D:\Projects\CoffeeHouse\ClientApp\dist\out-tsc\src\app\shared\routing.module.js.map
D:\Projects\CoffeeHouse\ClientApp\dist\out-tsc\src\app\app.component.js
D:\Projects\CoffeeHouse\ClientApp\dist\out-tsc\src\app\app.component.js.map
D:\Projects\CoffeeHouse\ClientApp\dist\out-tsc\src\app\app.module.js
D:\Projects\CoffeeHouse\ClientApp\dist\out-tsc\src\app\app.module.js.map
D:\Projects\CoffeeHouse\ClientApp\dist\out-tsc\src\environments\environment.js
D:\Projects\CoffeeHouse\ClientApp\dist\out-tsc\src\environments\environment.js.map
D:\Projects\CoffeeHouse\ClientApp\dist\out-tsc\src\main.js
D:\Projects\CoffeeHouse\ClientApp\dist\out-tsc\src\main.js.map
D:\Projects\CoffeeHouse\ClientApp\dist\out-tsc\src\polyfills.js
D:\Projects\CoffeeHouse\ClientApp\dist\out-tsc\src\polyfills.js.map
D:\Projects\CoffeeHouse\ClientApp\dist\out-tsc\src\test.js
D:\Projects\CoffeeHouse\ClientApp\dist\out-tsc\src\test.js.map
D:\Projects\CoffeeHouse\ClientApp\dist\out-tsc\src\environments\environment.prod.js
D:\Projects\CoffeeHouse\ClientApp\dist\out-tsc\src\environments\environment.prod.js.map
